<?xml version="1.0" encoding="UTF-8"?>
<!-- Generated by org.testng.reporters.JUnitReportReporter -->
<testsuite skipped="0" hostname="Kunwar" name="org.testing.TestScripts.TC2" tests="1" failures="0" timestamp="22 Jan 2019 14:43:02 GMT" time="41.774" errors="0">
  <testcase name="loginAndClick" time="41.774" classname="org.testing.TestScripts.TC2"/>
</testsuite> <!-- org.testing.TestScripts.TC2 -->
