<?xml version="1.0" encoding="UTF-8"?>
<!-- Generated by org.testng.reporters.JUnitReportReporter -->
<testsuite skipped="0" hostname="Kunwar" name="org.testing.TestScripts.TC1" tests="1" failures="0" timestamp="22 Jan 2019 14:25:23 GMT" time="95.451" errors="0">
  <testcase name="loginAndClick" time="95.451" classname="org.testing.TestScripts.TC1"/>
</testsuite> <!-- org.testing.TestScripts.TC1 -->
